# Logfile created on 2022-01-07 12:47:34 +0000 by logger.rb/v1.4.2
[2022-01-07T12:47:35+00:00] INFO: Started Chef Infra Zero at chefzero://localhost:1 with repository at /opt/gitlab/embedded
  One version per cookbook

[2022-01-07T12:47:35+00:00] INFO: *** Chef Infra Client 15.17.4 ***
[2022-01-07T12:47:35+00:00] INFO: Platform: x86_64-linux
[2022-01-07T12:47:35+00:00] INFO: Chef-client pid: 28
[2022-01-07T12:47:37+00:00] INFO: Setting the run_list to ["recipe[gitlab]"] from CLI options
[2022-01-07T12:47:37+00:00] INFO: Run List is [recipe[gitlab]]
[2022-01-07T12:47:37+00:00] INFO: Run List expands to [gitlab]
[2022-01-07T12:47:37+00:00] INFO: Starting Chef Infra Client Run for gitlab.192.168.100.111.nip.io
[2022-01-07T12:47:37+00:00] INFO: Running start handlers
[2022-01-07T12:47:37+00:00] INFO: Start handlers complete.
[2022-01-07T12:47:37+00:00] INFO: Loading cookbooks [gitlab@0.0.1, package@0.1.0, logrotate@0.1.0, postgresql@0.1.0, redis@0.1.0, monitoring@0.1.0, registry@0.1.0, mattermost@0.1.0, consul@0.1.0, gitaly@0.1.0, praefect@0.1.0, gitlab-kas@0.1.0, gitlab-pages@0.1.0, letsencrypt@0.1.0, nginx@0.1.0, runit@5.1.3, acme@4.1.4, crond@0.1.0]
[2022-01-07T12:47:38+00:00] INFO: Storing updated cookbooks/gitlab/recipes/add_trusted_certs.rb in the cache.
[2022-01-07T12:47:38+00:00] INFO: Storing updated cookbooks/gitlab/recipes/database_migrations.rb in the cache.
[2022-01-07T12:47:38+00:00] INFO: Storing updated cookbooks/gitlab/README.md in the cache.
[2022-01-07T12:47:38+00:00] INFO: Storing updated cookbooks/gitlab/recipes/database_reindexing_disable.rb in the cache.
[2022-01-07T12:47:38+00:00] INFO: Storing updated cookbooks/gitlab/resources/rails_migration.rb in the cache.
[2022-01-07T12:47:38+00:00] INFO: Storing updated cookbooks/gitlab/resources/database_objects.rb in the cache.
[2022-01-07T12:47:38+00:00] INFO: Storing updated cookbooks/gitlab/resources/puma_config.rb in the cache.
[2022-01-07T12:47:38+00:00] INFO: Storing updated cookbooks/gitlab/recipes/bootstrap_disable.rb in the cache.
[2022-01-07T12:47:38+00:00] INFO: Storing updated cookbooks/gitlab/recipes/database_reindexing_enable.rb in the cache.
[2022-01-07T12:47:38+00:00] INFO: Storing updated cookbooks/gitlab/metadata.rb in the cache.
[2022-01-07T12:47:38+00:00] INFO: Storing updated cookbooks/gitlab/recipes/gitlab-workhorse_disable.rb in the cache.
[2022-01-07T12:47:38+00:00] INFO: Storing updated cookbooks/gitlab/recipes/letsencrypt_renew.rb in the cache.
[2022-01-07T12:47:38+00:00] INFO: Storing updated cookbooks/gitlab/recipes/gitlab-workhorse.rb in the cache.
[2022-01-07T12:47:38+00:00] INFO: Storing updated cookbooks/gitlab/recipes/gitlab-healthcheck.rb in the cache.
[2022-01-07T12:47:38+00:00] INFO: Storing updated cookbooks/gitlab/recipes/mailroom_disable.rb in the cache.
[2022-01-07T12:47:38+00:00] INFO: Storing updated cookbooks/gitlab/resources/sidekiq_service.rb in the cache.
[2022-01-07T12:47:38+00:00] INFO: Storing updated cookbooks/gitlab/recipes/gitlab-rails.rb in the cache.
[2022-01-07T12:47:38+00:00] INFO: Storing updated cookbooks/gitlab/recipes/puma.rb in the cache.
[2022-01-07T12:47:38+00:00] INFO: Storing updated cookbooks/gitlab/recipes/bootstrap.rb in the cache.
[2022-01-07T12:47:38+00:00] INFO: Storing updated cookbooks/gitlab/recipes/default.rb in the cache.
[2022-01-07T12:47:38+00:00] INFO: Storing updated cookbooks/gitlab/recipes/remote-syslog.rb in the cache.
[2022-01-07T12:47:38+00:00] INFO: Storing updated cookbooks/gitlab/recipes/puma_disable.rb in the cache.
[2022-01-07T12:47:38+00:00] INFO: Storing updated cookbooks/gitlab/recipes/mailroom.rb in the cache.
[2022-01-07T12:47:38+00:00] INFO: Storing updated cookbooks/gitlab/recipes/remove_accounts.rb in the cache.
[2022-01-07T12:47:38+00:00] INFO: Storing updated cookbooks/gitlab/recipes/config.rb in the cache.
[2022-01-07T12:47:38+00:00] INFO: Storing updated cookbooks/gitlab/recipes/sidekiq.rb in the cache.
[2022-01-07T12:47:38+00:00] INFO: Storing updated cookbooks/gitlab/recipes/sidekiq_disable.rb in the cache.
[2022-01-07T12:47:38+00:00] INFO: Storing updated cookbooks/gitlab/recipes/nginx.rb in the cache.
[2022-01-07T12:47:38+00:00] INFO: Storing updated cookbooks/gitlab/recipes/users.rb in the cache.
[2022-01-07T12:47:38+00:00] INFO: Storing updated cookbooks/gitlab/attributes/default.rb in the cache.
[2022-01-07T12:47:38+00:00] INFO: Storing updated cookbooks/gitlab/recipes/web-server.rb in the cache.
[2022-01-07T12:47:38+00:00] INFO: Storing updated cookbooks/gitlab/recipes/show_config.rb in the cache.
[2022-01-07T12:47:38+00:00] INFO: Storing updated cookbooks/gitlab/libraries/gitlab_exporter.rb in the cache.
[2022-01-07T12:47:38+00:00] INFO: Storing updated cookbooks/gitlab/libraries/account_helper.rb in the cache.
[2022-01-07T12:47:38+00:00] INFO: Storing updated cookbooks/gitlab/recipes/storage-check_disable.rb in the cache.
[2022-01-07T12:47:38+00:00] INFO: Storing updated cookbooks/gitlab/libraries/gitlab_rails.rb in the cache.
[2022-01-07T12:47:38+00:00] INFO: Storing updated cookbooks/gitlab/libraries/gitlab_shell.rb in the cache.
[2022-01-07T12:47:38+00:00] INFO: Storing updated cookbooks/gitlab/recipes/nginx_disable.rb in the cache.
[2022-01-07T12:47:38+00:00] INFO: Storing updated cookbooks/gitlab/recipes/selinux.rb in the cache.
[2022-01-07T12:47:38+00:00] INFO: Storing updated cookbooks/gitlab/recipes/gitlab-shell.rb in the cache.
[2022-01-07T12:47:38+00:00] INFO: Storing updated cookbooks/gitlab/libraries/helpers/base_helper.rb in the cache.
[2022-01-07T12:47:38+00:00] INFO: Storing updated cookbooks/gitlab/recipes/rails_pages_shared_path.rb in the cache.
[2022-01-07T12:47:38+00:00] INFO: Storing updated cookbooks/gitlab/recipes/storage-check.rb in the cache.
[2022-01-07T12:47:38+00:00] INFO: Storing updated cookbooks/gitlab/recipes/remote-syslog_disable.rb in the cache.
[2022-01-07T12:47:38+00:00] INFO: Storing updated cookbooks/gitlab/libraries/helpers/gitlab_workhorse_helper.rb in the cache.
[2022-01-07T12:47:38+00:00] INFO: Storing updated cookbooks/gitlab/libraries/gitlab_workhorse.rb in the cache.
[2022-01-07T12:47:38+00:00] INFO: Storing updated cookbooks/gitlab/libraries/gitlab_mattermost.rb in the cache.
[2022-01-07T12:47:38+00:00] INFO: Storing updated cookbooks/gitlab/libraries/helpers/pg_helper.rb in the cache.
[2022-01-07T12:47:38+00:00] INFO: Storing updated cookbooks/gitlab/libraries/helpers/grafana_helper.rb in the cache.
[2022-01-07T12:47:38+00:00] INFO: Storing updated cookbooks/gitlab/libraries/helpers/base_pg_helper.rb in the cache.
[2022-01-07T12:47:38+00:00] INFO: Storing updated cookbooks/gitlab/libraries/helpers/web_server_helper.rb in the cache.
[2022-01-07T12:47:38+00:00] INFO: Storing updated cookbooks/gitlab/libraries/helper.rb in the cache.
[2022-01-07T12:47:38+00:00] INFO: Storing updated cookbooks/gitlab/libraries/patroni.rb in the cache.
[2022-01-07T12:47:38+00:00] INFO: Storing updated cookbooks/gitlab/libraries/helpers/geo_pg_helper.rb in the cache.
[2022-01-07T12:47:38+00:00] INFO: Storing updated cookbooks/gitlab/libraries/helpers/pg_status_helper.rb in the cache.
[2022-01-07T12:47:38+00:00] INFO: Storing updated cookbooks/gitlab/libraries/pg_version.rb in the cache.
[2022-01-07T12:47:38+00:00] INFO: Storing updated cookbooks/gitlab/libraries/helpers/gitlab_rails.rb in the cache.
[2022-01-07T12:47:38+00:00] INFO: Storing updated cookbooks/gitlab/libraries/redis.rb in the cache.
[2022-01-07T12:47:38+00:00] INFO: Storing updated cookbooks/gitlab/libraries/redis_helper.rb in the cache.
[2022-01-07T12:47:38+00:00] INFO: Storing updated cookbooks/gitlab/libraries/helpers/gitlab_rails_env_helper.rb in the cache.
[2022-01-07T12:47:38+00:00] INFO: Storing updated cookbooks/gitlab/libraries/storage_check.rb in the cache.
[2022-01-07T12:47:38+00:00] INFO: Storing updated cookbooks/gitlab/libraries/helpers/authorizer_helper.rb in the cache.
[2022-01-07T12:47:38+00:00] INFO: Storing updated cookbooks/gitlab/templates/default/database.yml.erb in the cache.
[2022-01-07T12:47:38+00:00] INFO: Storing updated cookbooks/gitlab/libraries/puma.rb in the cache.
[2022-01-07T12:47:38+00:00] INFO: Storing updated cookbooks/gitlab/libraries/incoming_email.rb in the cache.
[2022-01-07T12:47:38+00:00] INFO: Storing updated cookbooks/gitlab/templates/default/gitconfig-system.erb in the cache.
[2022-01-07T12:47:38+00:00] INFO: Storing updated cookbooks/gitlab/templates/default/cable.yml.erb in the cache.
[2022-01-07T12:47:38+00:00] INFO: Storing updated cookbooks/gitlab/templates/default/gitconfig.erb in the cache.
[2022-01-07T12:47:38+00:00] INFO: Storing updated cookbooks/gitlab/templates/default/gitlab-rails-error.html.erb in the cache.
[2022-01-07T12:47:38+00:00] INFO: Storing updated cookbooks/gitlab/libraries/postgresql.rb in the cache.
[2022-01-07T12:47:38+00:00] INFO: Storing updated cookbooks/gitlab/templates/default/gitlab-shell-config.yml.erb in the cache.
[2022-01-07T12:47:38+00:00] INFO: Storing updated cookbooks/gitlab/templates/default/database_geo.yml.erb in the cache.
[2022-01-07T12:47:38+00:00] INFO: Storing updated cookbooks/gitlab/libraries/logging.rb in the cache.
[2022-01-07T12:47:38+00:00] INFO: Storing updated cookbooks/gitlab/libraries/rails_migration_helper.rb in the cache.
[2022-01-07T12:47:38+00:00] INFO: Storing updated cookbooks/gitlab/templates/default/nginx-gitlab-health.conf.erb in the cache.
[2022-01-07T12:47:38+00:00] INFO: Storing updated cookbooks/gitlab/libraries/redis_uri.rb in the cache.
[2022-01-07T12:47:38+00:00] INFO: Storing updated cookbooks/gitlab/templates/default/nginx-gitlab-http.conf.erb in the cache.
[2022-01-07T12:47:38+00:00] INFO: Storing updated cookbooks/gitlab/templates/default/nginx-gitlab-pages-http.conf.erb in the cache.
[2022-01-07T12:47:38+00:00] INFO: Storing updated cookbooks/gitlab/templates/default/nginx-gitlab-registry-http.conf.erb in the cache.
[2022-01-07T12:47:38+00:00] INFO: Storing updated cookbooks/gitlab/templates/default/nginx-status.conf.erb in the cache.
[2022-01-07T12:47:38+00:00] INFO: Storing updated cookbooks/gitlab/libraries/nginx.rb in the cache.
[2022-01-07T12:47:38+00:00] INFO: Storing updated cookbooks/gitlab/templates/default/nginx.conf.erb in the cache.
[2022-01-07T12:47:38+00:00] INFO: Storing updated cookbooks/gitlab/templates/default/remote_syslog.yml.erb in the cache.
[2022-01-07T12:47:38+00:00] INFO: Storing updated cookbooks/gitlab/templates/default/gitlab-healthcheck-rc.erb in the cache.
[2022-01-07T12:47:38+00:00] INFO: Storing updated cookbooks/gitlab/templates/default/nginx-gitlab-mattermost-http.conf.erb in the cache.
[2022-01-07T12:47:38+00:00] INFO: Storing updated cookbooks/gitlab/libraries/registry.rb in the cache.
[2022-01-07T12:47:38+00:00] INFO: Storing updated cookbooks/gitlab/templates/default/gitlab-rails-rc.erb in the cache.
[2022-01-07T12:47:38+00:00] INFO: Storing updated cookbooks/gitlab/templates/default/make_metrics_rundir.erb in the cache.
[2022-01-07T12:47:38+00:00] INFO: Storing updated cookbooks/gitlab/templates/default/sv-gitlab-workhorse-log-config.erb in the cache.
[2022-01-07T12:47:38+00:00] INFO: Storing updated cookbooks/gitlab/templates/default/gitlab.yml.erb in the cache.
[2022-01-07T12:47:38+00:00] INFO: Storing updated cookbooks/gitlab/templates/default/mount_point_check.erb in the cache.
[2022-01-07T12:47:38+00:00] INFO: Storing updated cookbooks/gitlab/templates/default/sv-mailroom-log-config.erb in the cache.
[2022-01-07T12:47:38+00:00] INFO: Storing updated cookbooks/gitlab/templates/default/sv-mailroom-log-run.erb in the cache.
[2022-01-07T12:47:38+00:00] INFO: Storing updated cookbooks/gitlab/templates/default/smtp_settings.rb.erb in the cache.
[2022-01-07T12:47:38+00:00] INFO: Storing updated cookbooks/gitlab/templates/default/sv-mailroom-run.erb in the cache.
[2022-01-07T12:47:38+00:00] INFO: Storing updated cookbooks/gitlab/templates/default/sv-puma-h.erb in the cache.
[2022-01-07T12:47:38+00:00] INFO: Storing updated cookbooks/gitlab/templates/default/resque.yml.erb in the cache.
[2022-01-07T12:47:38+00:00] INFO: Storing updated cookbooks/gitlab/templates/default/sv-gitlab-workhorse-run.erb in the cache.
[2022-01-07T12:47:38+00:00] INFO: Storing updated cookbooks/gitlab/templates/default/sv-puma-run.erb in the cache.
[2022-01-07T12:47:38+00:00] INFO: Storing updated cookbooks/gitlab/templates/default/sv-puma-log-run.erb in the cache.
[2022-01-07T12:47:38+00:00] INFO: Storing updated cookbooks/gitlab/templates/default/sv-puma-t.erb in the cache.
[2022-01-07T12:47:38+00:00] INFO: Storing updated cookbooks/gitlab/templates/default/puma.rb.erb in the cache.
[2022-01-07T12:47:38+00:00] INFO: Storing updated cookbooks/gitlab/templates/default/sv-gitlab-workhorse-log-run.erb in the cache.
[2022-01-07T12:47:38+00:00] INFO: Storing updated cookbooks/gitlab/templates/default/sv-sidekiq-log-config.erb in the cache.
[2022-01-07T12:47:38+00:00] INFO: Storing updated cookbooks/gitlab/templates/default/secret_token.erb in the cache.
[2022-01-07T12:47:38+00:00] INFO: Storing updated cookbooks/gitlab/templates/default/secrets.yml.erb in the cache.
[2022-01-07T12:47:38+00:00] INFO: Storing updated cookbooks/gitlab/templates/default/sv-storage-check-log-run.erb in the cache.
[2022-01-07T12:47:38+00:00] INFO: Storing updated cookbooks/gitlab/templates/default/workhorse-config.toml.erb in the cache.
[2022-01-07T12:47:38+00:00] INFO: Storing updated cookbooks/gitlab/templates/default/sv-storage-check-log-config.erb in the cache.
[2022-01-07T12:47:38+00:00] INFO: Storing updated cookbooks/gitlab/templates/default/sv-puma-log-config.erb in the cache.
[2022-01-07T12:47:38+00:00] INFO: Storing updated cookbooks/gitlab/templates/default/sv-remote-syslog-log-run.erb in the cache.
[2022-01-07T12:47:38+00:00] INFO: Storing updated cookbooks/package/resources/account.rb in the cache.
[2022-01-07T12:47:38+00:00] INFO: Storing updated cookbooks/gitlab/templates/default/sv-mailroom-finish.erb in the cache.
[2022-01-07T12:47:38+00:00] INFO: Storing updated cookbooks/package/resources/gitlab_sysctl.rb in the cache.
[2022-01-07T12:47:38+00:00] INFO: Storing updated cookbooks/gitlab/templates/default/sv-storage-check-run.erb in the cache.
[2022-01-07T12:47:38+00:00] INFO: Storing updated cookbooks/gitlab/templates/default/sv-sidekiq-run.erb in the cache.
[2022-01-07T12:47:38+00:00] INFO: Storing updated cookbooks/package/resources/templatesymlink.rb in the cache.
[2022-01-07T12:47:38+00:00] INFO: Storing updated cookbooks/package/metadata.rb in the cache.
[2022-01-07T12:47:38+00:00] INFO: Storing updated cookbooks/package/recipes/runit_sysvinit.rb in the cache.
[2022-01-07T12:47:38+00:00] INFO: Storing updated cookbooks/package/recipes/runit_systemd.rb in the cache.
[2022-01-07T12:47:38+00:00] INFO: Storing updated cookbooks/package/resources/storage_directory.rb in the cache.
[2022-01-07T12:47:38+00:00] INFO: Storing updated cookbooks/gitlab/templates/default/sv-remote-syslog-log-config.erb in the cache.
[2022-01-07T12:47:38+00:00] INFO: Storing updated cookbooks/package/resources/version_file.rb in the cache.
[2022-01-07T12:47:38+00:00] INFO: Storing updated cookbooks/package/libraries/config/gitlab.rb in the cache.
[2022-01-07T12:47:38+00:00] INFO: Storing updated cookbooks/package/recipes/runit.rb in the cache.
[2022-01-07T12:47:38+00:00] INFO: Storing updated cookbooks/package/resources/env_dir.rb in the cache.
[2022-01-07T12:47:38+00:00] INFO: Storing updated cookbooks/package/recipes/runit_upstart.rb in the cache.
[2022-01-07T12:47:38+00:00] INFO: Storing updated cookbooks/package/libraries/config/roles/consul.rb in the cache.
[2022-01-07T12:47:38+00:00] INFO: Storing updated cookbooks/package/libraries/config/roles/default.rb in the cache.
[2022-01-07T12:47:38+00:00] INFO: Storing updated cookbooks/gitlab/templates/default/sv-remote-syslog-run.erb in the cache.
[2022-01-07T12:47:38+00:00] INFO: Storing updated cookbooks/package/libraries/config/roles/pages.rb in the cache.
[2022-01-07T12:47:38+00:00] INFO: Storing updated cookbooks/package/recipes/sysctl.rb in the cache.
[2022-01-07T12:47:38+00:00] INFO: Storing updated cookbooks/gitlab/templates/default/sv-sidekiq-log-run.erb in the cache.
[2022-01-07T12:47:38+00:00] INFO: Storing updated cookbooks/package/libraries/config/roles/application.rb in the cache.
[2022-01-07T12:47:38+00:00] INFO: Storing updated cookbooks/package/libraries/config/roles/pgbouncer.rb in the cache.
[2022-01-07T12:47:38+00:00] INFO: Storing updated cookbooks/package/libraries/config/roles/postgres.rb in the cache.
[2022-01-07T12:47:38+00:00] INFO: Storing updated cookbooks/package/libraries/config/roles/monitoring.rb in the cache.
[2022-01-07T12:47:38+00:00] INFO: Storing updated cookbooks/package/libraries/config/roles/geo_secondary.rb in the cache.
[2022-01-07T12:47:38+00:00] INFO: Storing updated cookbooks/package/libraries/certificate_helper.rb in the cache.
[2022-01-07T12:47:38+00:00] INFO: Storing updated cookbooks/package/libraries/config/roles/redis_sentinel.rb in the cache.
[2022-01-07T12:47:38+00:00] INFO: Storing updated cookbooks/package/libraries/config/roles/redis_master.rb in the cache.
[2022-01-07T12:47:38+00:00] INFO: Storing updated cookbooks/package/libraries/config/roles/sidekiq.rb in the cache.
[2022-01-07T12:47:38+00:00] INFO: Storing updated cookbooks/package/attributes/default.rb in the cache.
[2022-01-07T12:47:38+00:00] INFO: Storing updated cookbooks/package/libraries/handlers/gitlab.rb in the cache.
[2022-01-07T12:47:38+00:00] INFO: Storing updated cookbooks/package/libraries/gitlab_cluster.rb in the cache.
[2022-01-07T12:47:38+00:00] INFO: Storing updated cookbooks/package/libraries/config/roles/geo_primary.rb in the cache.
[2022-01-07T12:47:38+00:00] INFO: Storing updated cookbooks/package/libraries/helpers/node_helper.rb in the cache.
[2022-01-07T12:47:38+00:00] INFO: Storing updated cookbooks/package/libraries/formatters/gitlab.rb in the cache.
[2022-01-07T12:47:38+00:00] INFO: Storing updated cookbooks/package/libraries/helpers/logging_helper.rb in the cache.
[2022-01-07T12:47:38+00:00] INFO: Storing updated cookbooks/package/libraries/config/roles/patroni.rb in the cache.
[2022-01-07T12:47:38+00:00] INFO: Storing updated cookbooks/package/libraries/helpers/roles_helper.rb in the cache.
[2022-01-07T12:47:38+00:00] INFO: Storing updated cookbooks/package/libraries/helpers/selinux_helper.rb in the cache.
[2022-01-07T12:47:38+00:00] INFO: Storing updated cookbooks/package/libraries/helpers/services_helper.rb in the cache.
[2022-01-07T12:47:38+00:00] INFO: Storing updated cookbooks/package/libraries/helpers/output_helper.rb in the cache.
[2022-01-07T12:47:38+00:00] INFO: Storing updated cookbooks/package/libraries/helpers/systemd_helper.rb in the cache.
[2022-01-07T12:47:38+00:00] INFO: Storing updated cookbooks/package/libraries/helpers/version_helper.rb in the cache.
[2022-01-07T12:47:38+00:00] INFO: Storing updated cookbooks/package/libraries/deprecations.rb in the cache.
[2022-01-07T12:47:38+00:00] INFO: Storing updated cookbooks/package/libraries/object_proxy.rb in the cache.
[2022-01-07T12:47:38+00:00] INFO: Storing updated cookbooks/package/libraries/helpers/shell_out_helper.rb in the cache.
[2022-01-07T12:47:38+00:00] INFO: Storing updated cookbooks/package/libraries/omnibus_helper.rb in the cache.
[2022-01-07T12:47:38+00:00] INFO: Storing updated cookbooks/package/libraries/config/services.rb in the cache.
[2022-01-07T12:47:38+00:00] INFO: Storing updated cookbooks/package/templates/default/gitlab-runsvdir.service.erb in the cache.
[2022-01-07T12:47:38+00:00] INFO: Storing updated cookbooks/package/libraries/helper.rb in the cache.
[2022-01-07T12:47:38+00:00] INFO: Storing updated cookbooks/package/libraries/helpers/secrets_helper.rb in the cache.
[2022-01-07T12:47:38+00:00] INFO: Storing updated cookbooks/package/libraries/settings_dsl.rb in the cache.
[2022-01-07T12:47:38+00:00] INFO: Storing updated cookbooks/logrotate/recipes/disable.rb in the cache.
[2022-01-07T12:47:38+00:00] INFO: Storing updated cookbooks/package/libraries/storage_directory_helper.rb in the cache.
[2022-01-07T12:47:38+00:00] INFO: Storing updated cookbooks/logrotate/recipes/folders_and_configs.rb in the cache.
[2022-01-07T12:47:38+00:00] INFO: Storing updated cookbooks/logrotate/libraries/logrotate_helper.rb in the cache.
[2022-01-07T12:47:38+00:00] INFO: Storing updated cookbooks/package/libraries/helpers/redhat_helper.rb in the cache.
[2022-01-07T12:47:38+00:00] INFO: Storing updated cookbooks/logrotate/recipes/enable.rb in the cache.
[2022-01-07T12:47:38+00:00] INFO: Storing updated cookbooks/logrotate/templates/default/sv-logrotate-run.erb in the cache.
[2022-01-07T12:47:38+00:00] INFO: Storing updated cookbooks/package/libraries/config_mash.rb in the cache.
[2022-01-07T12:47:38+00:00] INFO: Storing updated cookbooks/logrotate/attributes/default.rb in the cache.
[2022-01-07T12:47:38+00:00] INFO: Storing updated cookbooks/package/files/default/gitlab-runsvdir.conf in the cache.
[2022-01-07T12:47:38+00:00] INFO: Storing updated cookbooks/package/libraries/package.rb in the cache.
[2022-01-07T12:47:38+00:00] INFO: Storing updated cookbooks/logrotate/templates/default/logrotate-service.erb in the cache.
[2022-01-07T12:47:38+00:00] INFO: Storing updated cookbooks/logrotate/templates/default/sv-logrotate-log-config.erb in the cache.
[2022-01-07T12:47:38+00:00] INFO: Storing updated cookbooks/postgresql/metadata.rb in the cache.
[2022-01-07T12:47:38+00:00] INFO: Storing updated cookbooks/logrotate/templates/default/logrotate.conf.erb in the cache.
[2022-01-07T12:47:38+00:00] INFO: Storing updated cookbooks/postgresql/resources/database.rb in the cache.
[2022-01-07T12:47:38+00:00] INFO: Storing updated cookbooks/postgresql/resources/query.rb in the cache.
[2022-01-07T12:47:38+00:00] INFO: Storing updated cookbooks/postgresql/resources/user.rb in the cache.
[2022-01-07T12:47:38+00:00] INFO: Storing updated cookbooks/logrotate/metadata.rb in the cache.
[2022-01-07T12:47:38+00:00] INFO: Storing updated cookbooks/postgresql/recipes/disable.rb in the cache.
[2022-01-07T12:47:38+00:00] INFO: Storing updated cookbooks/logrotate/templates/default/sv-logrotate-t.erb in the cache.
[2022-01-07T12:47:38+00:00] INFO: Storing updated cookbooks/postgresql/recipes/enable.rb in the cache.
[2022-01-07T12:47:38+00:00] INFO: Storing updated cookbooks/logrotate/templates/default/sv-logrotate-log-run.erb in the cache.
[2022-01-07T12:47:38+00:00] INFO: Storing updated cookbooks/postgresql/recipes/standalone.rb in the cache.
[2022-01-07T12:47:38+00:00] INFO: Storing updated cookbooks/postgresql/recipes/bin.rb in the cache.
[2022-01-07T12:47:38+00:00] INFO: Storing updated cookbooks/postgresql/recipes/sysctl.rb in the cache.
[2022-01-07T12:47:38+00:00] INFO: Storing updated cookbooks/postgresql/templates/default/pg_ident.conf.erb in the cache.
[2022-01-07T12:47:38+00:00] INFO: Storing updated cookbooks/postgresql/templates/default/gitlab-psql-rc.erb in the cache.
[2022-01-07T12:47:38+00:00] INFO: Storing updated cookbooks/postgresql/resources/extension.rb in the cache.
[2022-01-07T12:47:38+00:00] INFO: Storing updated cookbooks/postgresql/README.md in the cache.
[2022-01-07T12:47:38+00:00] INFO: Storing updated cookbooks/postgresql/templates/default/postgresql-runtime.conf.erb in the cache.
[2022-01-07T12:47:38+00:00] INFO: Storing updated cookbooks/postgresql/templates/default/postgresql.conf.erb in the cache.
[2022-01-07T12:47:38+00:00] INFO: Storing updated cookbooks/postgresql/templates/default/sv-postgresql-log-run.erb in the cache.
[2022-01-07T12:47:38+00:00] INFO: Storing updated cookbooks/postgresql/resources/config.rb in the cache.
[2022-01-07T12:47:38+00:00] INFO: Storing updated cookbooks/postgresql/recipes/user.rb in the cache.
[2022-01-07T12:47:38+00:00] INFO: Storing updated cookbooks/postgresql/templates/default/sv-postgresql-run.erb in the cache.
[2022-01-07T12:47:38+00:00] INFO: Storing updated cookbooks/postgresql/recipes/directory_locations.rb in the cache.
[2022-01-07T12:47:38+00:00] INFO: Storing updated cookbooks/redis/resources/service.rb in the cache.
[2022-01-07T12:47:38+00:00] INFO: Storing updated cookbooks/redis/recipes/enable.rb in the cache.
[2022-01-07T12:47:38+00:00] INFO: Storing updated cookbooks/postgresql/templates/default/pg_hba.conf.erb in the cache.
[2022-01-07T12:47:38+00:00] INFO: Storing updated cookbooks/redis/templates/default/gitlab-redis-cli-rc.erb in the cache.
[2022-01-07T12:47:38+00:00] INFO: Storing updated cookbooks/redis/templates/default/redis.conf.erb in the cache.
[2022-01-07T12:47:38+00:00] INFO: Storing updated cookbooks/postgresql/resources/schema.rb in the cache.
[2022-01-07T12:47:38+00:00] INFO: Storing updated cookbooks/postgresql/templates/default/sv-postgresql-log-config.erb in the cache.
[2022-01-07T12:47:38+00:00] INFO: Storing updated cookbooks/redis/templates/default/sv-redis-log-run.erb in the cache.
[2022-01-07T12:47:38+00:00] INFO: Storing updated cookbooks/redis/templates/default/sv-redis-run.erb in the cache.
[2022-01-07T12:47:38+00:00] INFO: Storing updated cookbooks/redis/templates/default/sv-redis-log-config.erb in the cache.
[2022-01-07T12:47:38+00:00] INFO: Storing updated cookbooks/postgresql/attributes/default.rb in the cache.
[2022-01-07T12:47:38+00:00] INFO: Storing updated cookbooks/monitoring/recipes/default.rb in the cache.
[2022-01-07T12:47:38+00:00] INFO: Storing updated cookbooks/monitoring/metadata.rb in the cache.
[2022-01-07T12:47:38+00:00] INFO: Storing updated cookbooks/monitoring/recipes/gitlab-exporter.rb in the cache.
[2022-01-07T12:47:38+00:00] INFO: Storing updated cookbooks/redis/recipes/disable.rb in the cache.
[2022-01-07T12:47:38+00:00] INFO: Storing updated cookbooks/monitoring/recipes/grafana_disable.rb in the cache.
[2022-01-07T12:47:38+00:00] INFO: Storing updated cookbooks/monitoring/recipes/grafana.rb in the cache.
[2022-01-07T12:47:38+00:00] INFO: Storing updated cookbooks/redis/metadata.rb in the cache.
[2022-01-07T12:47:38+00:00] INFO: Storing updated cookbooks/monitoring/recipes/pgbouncer-exporter.rb in the cache.
[2022-01-07T12:47:38+00:00] INFO: Storing updated cookbooks/postgresql/templates/default/sv-postgresql-t.erb in the cache.
[2022-01-07T12:47:38+00:00] INFO: Storing updated cookbooks/monitoring/recipes/node-exporter_disable.rb in the cache.
[2022-01-07T12:47:38+00:00] INFO: Storing updated cookbooks/monitoring/recipes/postgres-exporter.rb in the cache.
[2022-01-07T12:47:38+00:00] INFO: Storing updated cookbooks/monitoring/recipes/prometheus.rb in the cache.
[2022-01-07T12:47:38+00:00] INFO: Storing updated cookbooks/redis/attributes/attributes.rb in the cache.
[2022-01-07T12:47:38+00:00] INFO: Storing updated cookbooks/monitoring/recipes/node-exporter.rb in the cache.
[2022-01-07T12:47:38+00:00] INFO: Storing updated cookbooks/monitoring/recipes/pgbouncer-exporter_disable.rb in the cache.
[2022-01-07T12:47:38+00:00] INFO: Storing updated cookbooks/monitoring/recipes/gitlab-exporter_disable.rb in the cache.
[2022-01-07T12:47:38+00:00] INFO: Storing updated cookbooks/monitoring/recipes/postgres-exporter_disable.rb in the cache.
[2022-01-07T12:47:38+00:00] INFO: Storing updated cookbooks/monitoring/libraries/grafana.rb in the cache.
[2022-01-07T12:47:38+00:00] INFO: Storing updated cookbooks/monitoring/recipes/alertmanager.rb in the cache.
[2022-01-07T12:47:38+00:00] INFO: Storing updated cookbooks/monitoring/recipes/prometheus_disable.rb in the cache.
[2022-01-07T12:47:38+00:00] INFO: Storing updated cookbooks/monitoring/recipes/redis-exporter.rb in the cache.
[2022-01-07T12:47:38+00:00] INFO: Storing updated cookbooks/monitoring/recipes/user.rb in the cache.
[2022-01-07T12:47:38+00:00] INFO: Storing updated cookbooks/monitoring/recipes/redis-exporter_disable.rb in the cache.
[2022-01-07T12:47:38+00:00] INFO: Storing updated cookbooks/monitoring/recipes/alertmanager_disable.rb in the cache.
[2022-01-07T12:47:38+00:00] INFO: Storing updated cookbooks/monitoring/attributes/default.rb in the cache.
[2022-01-07T12:47:38+00:00] INFO: Storing updated cookbooks/monitoring/libraries/prometheus_helper.rb in the cache.
[2022-01-07T12:47:38+00:00] INFO: Storing updated cookbooks/monitoring/libraries/prometheus.rb in the cache.
[2022-01-07T12:47:38+00:00] INFO: Storing updated cookbooks/monitoring/templates/gitlab-exporter.yml.erb in the cache.
[2022-01-07T12:47:38+00:00] INFO: Storing updated cookbooks/monitoring/templates/sv-alertmanager-log-config.erb in the cache.
[2022-01-07T12:47:38+00:00] INFO: Storing updated cookbooks/monitoring/templates/grafana_ini.erb in the cache.
[2022-01-07T12:47:38+00:00] INFO: Storing updated cookbooks/monitoring/templates/rules/gitlab.rules in the cache.
[2022-01-07T12:47:38+00:00] INFO: Storing updated cookbooks/monitoring/templates/sv-gitlab-exporter-log-config.erb in the cache.
[2022-01-07T12:47:38+00:00] INFO: Storing updated cookbooks/monitoring/templates/postgres-queries.yaml.erb in the cache.
[2022-01-07T12:47:38+00:00] INFO: Storing updated cookbooks/monitoring/templates/rules/node.rules in the cache.
[2022-01-07T12:47:38+00:00] INFO: Storing updated cookbooks/monitoring/templates/sv-grafana-log-run.erb in the cache.
[2022-01-07T12:47:38+00:00] INFO: Storing updated cookbooks/monitoring/templates/sv-node-exporter-log-config.erb in the cache.
[2022-01-07T12:47:38+00:00] INFO: Storing updated cookbooks/monitoring/templates/sv-alertmanager-log-run.erb in the cache.
[2022-01-07T12:47:38+00:00] INFO: Storing updated cookbooks/monitoring/templates/sv-gitlab-exporter-run.erb in the cache.
[2022-01-07T12:47:38+00:00] INFO: Storing updated cookbooks/monitoring/templates/sv-pgbouncer-exporter-run.erb in the cache.
[2022-01-07T12:47:38+00:00] INFO: Storing updated cookbooks/monitoring/templates/sv-pgbouncer-exporter-log-run.erb in the cache.
[2022-01-07T12:47:38+00:00] INFO: Storing updated cookbooks/monitoring/templates/sv-alertmanager-run.erb in the cache.
[2022-01-07T12:47:38+00:00] INFO: Storing updated cookbooks/monitoring/templates/sv-gitlab-exporter-log-run.erb in the cache.
[2022-01-07T12:47:38+00:00] INFO: Storing updated cookbooks/monitoring/templates/sv-postgres-exporter-log-config.erb in the cache.
[2022-01-07T12:47:38+00:00] INFO: Storing updated cookbooks/monitoring/templates/sv-postgres-exporter-run.erb in the cache.
[2022-01-07T12:47:38+00:00] INFO: Storing updated cookbooks/monitoring/templates/mount_point_check.erb in the cache.
[2022-01-07T12:47:38+00:00] INFO: Storing updated cookbooks/monitoring/templates/sv-pgbouncer-exporter-log-config.erb in the cache.
[2022-01-07T12:47:38+00:00] INFO: Storing updated cookbooks/monitoring/templates/sv-prometheus-run.erb in the cache.
[2022-01-07T12:47:38+00:00] INFO: Storing updated cookbooks/monitoring/templates/sv-postgres-exporter-log-run.erb in the cache.
[2022-01-07T12:47:38+00:00] INFO: Storing updated cookbooks/monitoring/templates/sv-grafana-run.erb in the cache.
[2022-01-07T12:47:38+00:00] INFO: Storing updated cookbooks/monitoring/templates/sv-node-exporter-log-run.erb in the cache.
[2022-01-07T12:47:38+00:00] INFO: Storing updated cookbooks/monitoring/templates/sv-node-exporter-run.erb in the cache.
[2022-01-07T12:47:38+00:00] INFO: Storing updated cookbooks/monitoring/templates/sv-redis-exporter-log-config.erb in the cache.
[2022-01-07T12:47:38+00:00] INFO: Storing updated cookbooks/registry/attributes/default.rb in the cache.
[2022-01-07T12:47:38+00:00] INFO: Storing updated cookbooks/monitoring/templates/sv-prometheus-log-run.erb in the cache.
[2022-01-07T12:47:38+00:00] INFO: Storing updated cookbooks/monitoring/templates/sv-grafana-log-config.erb in the cache.
[2022-01-07T12:47:38+00:00] INFO: Storing updated cookbooks/registry/templates/default/sv-registry-log-run.erb in the cache.
[2022-01-07T12:47:38+00:00] INFO: Storing updated cookbooks/monitoring/templates/sv-redis-exporter-log-run.erb in the cache.
[2022-01-07T12:47:38+00:00] INFO: Storing updated cookbooks/registry/recipes/disable.rb in the cache.
[2022-01-07T12:47:38+00:00] INFO: Storing updated cookbooks/mattermost/metadata.rb in the cache.
[2022-01-07T12:47:38+00:00] INFO: Storing updated cookbooks/mattermost/attributes/default.rb in the cache.
[2022-01-07T12:47:38+00:00] INFO: Storing updated cookbooks/mattermost/libraries/mattermost_helper.rb in the cache.
[2022-01-07T12:47:38+00:00] INFO: Storing updated cookbooks/registry/templates/default/registry-config.yml.erb in the cache.
[2022-01-07T12:47:38+00:00] INFO: Storing updated cookbooks/monitoring/templates/sv-redis-exporter-run.erb in the cache.
[2022-01-07T12:47:38+00:00] INFO: Storing updated cookbooks/registry/templates/default/sv-registry-run.erb in the cache.
[2022-01-07T12:47:38+00:00] INFO: Storing updated cookbooks/registry/recipes/enable.rb in the cache.
[2022-01-07T12:47:38+00:00] INFO: Storing updated cookbooks/registry/metadata.rb in the cache.
[2022-01-07T12:47:38+00:00] INFO: Storing updated cookbooks/mattermost/templates/default/sv-mattermost-log-run.erb in the cache.
[2022-01-07T12:47:38+00:00] INFO: Storing updated cookbooks/consul/metadata.rb in the cache.
[2022-01-07T12:47:38+00:00] INFO: Storing updated cookbooks/mattermost/templates/default/sv-mattermost-run.erb in the cache.
[2022-01-07T12:47:38+00:00] INFO: Storing updated cookbooks/mattermost/recipes/disable.rb in the cache.
[2022-01-07T12:47:38+00:00] INFO: Storing updated cookbooks/consul/resources/consul_service.rb in the cache.
[2022-01-07T12:47:38+00:00] INFO: Storing updated cookbooks/monitoring/templates/sv-prometheus-log-config.erb in the cache.
[2022-01-07T12:47:38+00:00] INFO: Storing updated cookbooks/consul/recipes/disable_daemon.rb in the cache.
[2022-01-07T12:47:38+00:00] INFO: Storing updated cookbooks/consul/recipes/disable.rb in the cache.
[2022-01-07T12:47:38+00:00] INFO: Storing updated cookbooks/consul/recipes/enable_daemon.rb in the cache.
[2022-01-07T12:47:38+00:00] INFO: Storing updated cookbooks/registry/templates/default/sv-registry-log-config.erb in the cache.
[2022-01-07T12:47:38+00:00] INFO: Storing updated cookbooks/consul/recipes/watchers.rb in the cache.
[2022-01-07T12:47:38+00:00] INFO: Storing updated cookbooks/mattermost/recipes/enable.rb in the cache.
[2022-01-07T12:47:38+00:00] INFO: Storing updated cookbooks/consul/recipes/enable.rb in the cache.
[2022-01-07T12:47:38+00:00] INFO: Storing updated cookbooks/mattermost/templates/default/sv-mattermost-log-config.erb in the cache.
[2022-01-07T12:47:38+00:00] INFO: Storing updated cookbooks/consul/recipes/enable_service_postgresql.rb in the cache.
[2022-01-07T12:47:38+00:00] INFO: Storing updated cookbooks/consul/attributes/watchers.rb in the cache.
[2022-01-07T12:47:38+00:00] INFO: Storing updated cookbooks/consul/recipes/configure_services.rb in the cache.
[2022-01-07T12:47:38+00:00] INFO: Storing updated cookbooks/gitaly/metadata.rb in the cache.
[2022-01-07T12:47:38+00:00] INFO: Storing updated cookbooks/consul/attributes/services.rb in the cache.
[2022-01-07T12:47:38+00:00] INFO: Storing updated cookbooks/gitaly/recipes/disable.rb in the cache.
[2022-01-07T12:47:38+00:00] INFO: Storing updated cookbooks/gitaly/attributes/default.rb in the cache.
[2022-01-07T12:47:38+00:00] INFO: Storing updated cookbooks/consul/templates/default/sv-consul-log-config.erb in the cache.
[2022-01-07T12:47:38+00:00] INFO: Storing updated cookbooks/gitaly/templates/default/gitaly-config.toml.erb in the cache.
[2022-01-07T12:47:38+00:00] INFO: Storing updated cookbooks/consul/recipes/disable_service_postgresql.rb in the cache.
[2022-01-07T12:47:38+00:00] INFO: Storing updated cookbooks/consul/templates/default/sv-consul-run.erb in the cache.
[2022-01-07T12:47:38+00:00] INFO: Storing updated cookbooks/gitaly/libraries/gitaly.rb in the cache.
[2022-01-07T12:47:38+00:00] INFO: Storing updated cookbooks/consul/libraries/consul_helper.rb in the cache.
[2022-01-07T12:47:38+00:00] INFO: Storing updated cookbooks/gitaly/recipes/enable.rb in the cache.
[2022-01-07T12:47:38+00:00] INFO: Storing updated cookbooks/praefect/recipes/database_migrations.rb in the cache.
[2022-01-07T12:47:38+00:00] INFO: Storing updated cookbooks/praefect/recipes/disable.rb in the cache.
[2022-01-07T12:47:38+00:00] INFO: Storing updated cookbooks/consul/templates/default/watcher_scripts/failover_pgbouncer.erb in the cache.
[2022-01-07T12:47:38+00:00] INFO: Storing updated cookbooks/gitaly/templates/default/sv-gitaly-log-config.erb in the cache.
[2022-01-07T12:47:38+00:00] INFO: Storing updated cookbooks/gitaly/templates/default/sv-gitaly-log-run.erb in the cache.
[2022-01-07T12:47:38+00:00] INFO: Storing updated cookbooks/praefect/libraries/praefect.rb in the cache.
[2022-01-07T12:47:38+00:00] INFO: Storing updated cookbooks/praefect/metadata.rb in the cache.
[2022-01-07T12:47:38+00:00] INFO: Storing updated cookbooks/praefect/templates/default/sv-praefect-run.erb in the cache.
[2022-01-07T12:47:38+00:00] INFO: Storing updated cookbooks/consul/attributes/default.rb in the cache.
[2022-01-07T12:47:38+00:00] INFO: Storing updated cookbooks/gitlab-kas/recipes/disable.rb in the cache.
[2022-01-07T12:47:38+00:00] INFO: Storing updated cookbooks/gitlab-kas/recipes/enable.rb in the cache.
[2022-01-07T12:47:38+00:00] INFO: Storing updated cookbooks/gitlab-kas/attributes/default.rb in the cache.
[2022-01-07T12:47:38+00:00] INFO: Storing updated cookbooks/gitaly/templates/default/sv-gitaly-run.erb in the cache.
[2022-01-07T12:47:38+00:00] INFO: Storing updated cookbooks/praefect/templates/default/sv-praefect-log-config.erb in the cache.
[2022-01-07T12:47:38+00:00] INFO: Storing updated cookbooks/consul/templates/default/sv-consul-log-run.erb in the cache.
[2022-01-07T12:47:38+00:00] INFO: Storing updated cookbooks/praefect/recipes/enable.rb in the cache.
[2022-01-07T12:47:38+00:00] INFO: Storing updated cookbooks/praefect/attributes/default.rb in the cache.
[2022-01-07T12:47:38+00:00] INFO: Storing updated cookbooks/gitlab-kas/templates/default/sv-gitlab-kas-log-config.erb in the cache.
[2022-01-07T12:47:38+00:00] INFO: Storing updated cookbooks/praefect/templates/default/sv-praefect-log-run.erb in the cache.
[2022-01-07T12:47:38+00:00] INFO: Storing updated cookbooks/praefect/templates/default/praefect-config.toml.erb in the cache.
[2022-01-07T12:47:38+00:00] INFO: Storing updated cookbooks/gitlab-kas/libraries/gitlab_kas.rb in the cache.
[2022-01-07T12:47:38+00:00] INFO: Storing updated cookbooks/gitlab-kas/templates/default/gitlab-kas-config.yml.erb in the cache.
[2022-01-07T12:47:38+00:00] INFO: Storing updated cookbooks/gitlab-pages/libraries/gitlab_pages.rb in the cache.
[2022-01-07T12:47:38+00:00] INFO: Storing updated cookbooks/gitlab-pages/templates/default/gitlab-pages-config.erb in the cache.
[2022-01-07T12:47:38+00:00] INFO: Storing updated cookbooks/gitlab-pages/recipes/disable.rb in the cache.
[2022-01-07T12:47:38+00:00] INFO: Storing updated cookbooks/gitlab-kas/templates/default/sv-gitlab-kas-run.erb in the cache.
[2022-01-07T12:47:38+00:00] INFO: Storing updated cookbooks/gitlab-pages/metadata.rb in the cache.
[2022-01-07T12:47:38+00:00] INFO: Storing updated cookbooks/gitlab-pages/recipes/enable.rb in the cache.
[2022-01-07T12:47:38+00:00] INFO: Storing updated cookbooks/gitlab-pages/templates/default/mount_point_check.erb in the cache.
[2022-01-07T12:47:38+00:00] INFO: Storing updated cookbooks/gitlab-kas/templates/default/sv-gitlab-kas-log-run.erb in the cache.
[2022-01-07T12:47:38+00:00] INFO: Storing updated cookbooks/gitlab-pages/attributes/default.rb in the cache.
[2022-01-07T12:47:38+00:00] INFO: Storing updated cookbooks/gitlab-pages/templates/default/sv-gitlab-pages-run.erb in the cache.
[2022-01-07T12:47:38+00:00] INFO: Storing updated cookbooks/gitlab-pages/templates/default/secret_token.erb in the cache.
[2022-01-07T12:47:38+00:00] INFO: Storing updated cookbooks/letsencrypt/recipes/disable.rb in the cache.
[2022-01-07T12:47:38+00:00] INFO: Storing updated cookbooks/letsencrypt/recipes/enable.rb in the cache.
[2022-01-07T12:47:38+00:00] INFO: Storing updated cookbooks/letsencrypt/metadata.rb in the cache.
[2022-01-07T12:47:38+00:00] INFO: Storing updated cookbooks/letsencrypt/libraries/lets_encrypt.rb in the cache.
[2022-01-07T12:47:38+00:00] INFO: Storing updated cookbooks/gitlab-pages/templates/default/sv-gitlab-pages-log-config.erb in the cache.
[2022-01-07T12:47:38+00:00] INFO: Storing updated cookbooks/letsencrypt/resources/certificate.rb in the cache.
[2022-01-07T12:47:38+00:00] INFO: Storing updated cookbooks/gitlab-pages/templates/default/sv-gitlab-pages-log-run.erb in the cache.
[2022-01-07T12:47:38+00:00] INFO: Storing updated cookbooks/nginx/templates/default/sv-nginx-log-run.erb in the cache.
[2022-01-07T12:47:38+00:00] INFO: Storing updated cookbooks/letsencrypt/attributes/default.rb in the cache.
[2022-01-07T12:47:38+00:00] INFO: Storing updated cookbooks/nginx/templates/default/sv-nginx-run.erb in the cache.
[2022-01-07T12:47:38+00:00] INFO: Storing updated cookbooks/letsencrypt/README.md in the cache.
[2022-01-07T12:47:38+00:00] INFO: Storing updated cookbooks/letsencrypt/recipes/http_authorization.rb in the cache.
[2022-01-07T12:47:38+00:00] INFO: Storing updated cookbooks/runit/README.md in the cache.
[2022-01-07T12:47:38+00:00] INFO: Storing updated cookbooks/gitlab-kas/metadata.rb in the cache.
[2022-01-07T12:47:38+00:00] INFO: Storing updated cookbooks/runit/libraries/provider_runit_service.rb in the cache.
[2022-01-07T12:47:38+00:00] INFO: Storing updated cookbooks/runit/libraries/resource_runit_service.rb in the cache.
[2022-01-07T12:47:38+00:00] INFO: Storing updated cookbooks/runit/LICENSE in the cache.
[2022-01-07T12:47:38+00:00] INFO: Storing updated cookbooks/letsencrypt/libraries/helper.rb in the cache.
[2022-01-07T12:47:38+00:00] INFO: Storing updated cookbooks/runit/libraries/helpers.rb in the cache.
[2022-01-07T12:47:38+00:00] INFO: Storing updated cookbooks/acme/.rubocop.yml in the cache.
[2022-01-07T12:47:38+00:00] INFO: Storing updated cookbooks/nginx/templates/default/sv-nginx-log-config.erb in the cache.
[2022-01-07T12:47:38+00:00] INFO: Storing updated cookbooks/nginx/metadata.rb in the cache.
[2022-01-07T12:47:38+00:00] INFO: Storing updated cookbooks/acme/resources/ssl_key.rb in the cache.
[2022-01-07T12:47:38+00:00] INFO: Storing updated cookbooks/acme/metadata.rb in the cache.
[2022-01-07T12:47:38+00:00] INFO: Storing updated cookbooks/acme/resources/selfsigned.rb in the cache.
[2022-01-07T12:47:38+00:00] INFO: Storing updated cookbooks/acme/attributes/default.rb in the cache.
[2022-01-07T12:47:38+00:00] INFO: Storing updated cookbooks/acme/resources/certificate.rb in the cache.
[2022-01-07T12:47:38+00:00] INFO: Storing updated cookbooks/nginx/recipes/enable.rb in the cache.
[2022-01-07T12:47:38+00:00] INFO: Storing updated cookbooks/acme/README.md in the cache.
[2022-01-07T12:47:38+00:00] INFO: Storing updated cookbooks/acme/chefignore in the cache.
[2022-01-07T12:47:38+00:00] INFO: Storing updated cookbooks/acme/recipes/default.rb in the cache.
[2022-01-07T12:47:38+00:00] INFO: Storing updated cookbooks/acme/kitchen.dokken.yml in the cache.
[2022-01-07T12:47:38+00:00] INFO: Storing updated cookbooks/acme/LICENSE in the cache.
[2022-01-07T12:47:38+00:00] INFO: Storing updated cookbooks/crond/metadata.rb in the cache.
[2022-01-07T12:47:38+00:00] INFO: Storing updated cookbooks/crond/resources/job.rb in the cache.
[2022-01-07T12:47:38+00:00] INFO: Storing updated cookbooks/acme/libraries/acme.rb in the cache.
[2022-01-07T12:47:38+00:00] INFO: Storing updated cookbooks/acme/kitchen.yml in the cache.
[2022-01-07T12:47:38+00:00] INFO: Storing updated cookbooks/acme/templates/acme-challange.nginx.erb in the cache.
[2022-01-07T12:47:38+00:00] INFO: Storing updated cookbooks/runit/metadata.rb in the cache.
[2022-01-07T12:47:38+00:00] INFO: Storing updated cookbooks/acme/kitchen.digitalocean.yml in the cache.
[2022-01-07T12:47:38+00:00] INFO: Storing updated cookbooks/acme/Berksfile in the cache.
[2022-01-07T12:47:38+00:00] INFO: Storing updated cookbooks/crond/attributes/default.rb in the cache.
[2022-01-07T12:47:38+00:00] INFO: Storing updated cookbooks/crond/recipes/enable.rb in the cache.
[2022-01-07T12:47:38+00:00] INFO: Storing updated cookbooks/crond/recipes/disable.rb in the cache.
[2022-01-07T12:47:38+00:00] INFO: Storing updated cookbooks/crond/templates/default/sv-crond-log-config.erb in the cache.
[2022-01-07T12:47:38+00:00] INFO: Storing updated cookbooks/crond/templates/default/sv-crond-log-run.erb in the cache.
[2022-01-07T12:47:38+00:00] INFO: Storing updated cookbooks/crond/templates/default/sv-crond-run.erb in the cache.
[2022-01-07T12:47:42+00:00] INFO: Skipped selecting an init system because it was explicitly disabled
[2022-01-07T12:47:43+00:00] INFO: directory[/opt/gitlab/embedded/etc] created directory /opt/gitlab/embedded/etc
[2022-01-07T12:47:43+00:00] INFO: directory[/opt/gitlab/embedded/etc] owner changed to 0
[2022-01-07T12:47:43+00:00] INFO: directory[/opt/gitlab/embedded/etc] group changed to 0
[2022-01-07T12:47:43+00:00] INFO: directory[/opt/gitlab/embedded/etc] mode changed to 755
[2022-01-07T12:47:43+00:00] INFO: template[/opt/gitlab/embedded/etc/gitconfig] created file /opt/gitlab/embedded/etc/gitconfig
[2022-01-07T12:47:43+00:00] INFO: template[/opt/gitlab/embedded/etc/gitconfig] updated file contents /opt/gitlab/embedded/etc/gitconfig
[2022-01-07T12:47:43+00:00] INFO: template[/opt/gitlab/embedded/etc/gitconfig] mode changed to 755
[2022-01-07T12:47:43+00:00] INFO: template[/var/opt/gitlab/.gitconfig] backed up to /opt/gitlab/embedded/cookbooks/cache/backup/var/opt/gitlab/.gitconfig.chef-20220107124743.449638
[2022-01-07T12:47:43+00:00] INFO: template[/var/opt/gitlab/.gitconfig] updated file contents /var/opt/gitlab/.gitconfig
[2022-01-07T12:47:43+00:00] INFO: link[Link /opt/gitlab/embedded/service/gitlab-shell/config.yml to /var/opt/gitlab/gitlab-shell/config.yml] created
[2022-01-07T12:47:43+00:00] INFO: link[/opt/gitlab/embedded/service/gitlab-shell/.gitlab_shell_secret] created
[2022-01-07T12:47:44+00:00] INFO: directory[create /opt/gitlab/etc/gitlab-rails] created directory /opt/gitlab/etc/gitlab-rails
[2022-01-07T12:47:44+00:00] INFO: directory[create /opt/gitlab/etc/gitlab-rails] owner changed to 998
[2022-01-07T12:47:44+00:00] INFO: directory[create /opt/gitlab/etc/gitlab-rails] mode changed to 700
[2022-01-07T12:47:44+00:00] WARN: only_if block for file[/var/opt/gitlab/gitlab-rails/etc/gitlab-registry.key] returned a string, did you mean to run a command?
[2022-01-07T12:47:44+00:00] INFO: template[/opt/gitlab/etc/gitlab-rails-rc] created file /opt/gitlab/etc/gitlab-rails-rc
[2022-01-07T12:47:44+00:00] INFO: template[/opt/gitlab/etc/gitlab-rails-rc] updated file contents /opt/gitlab/etc/gitlab-rails-rc
[2022-01-07T12:47:44+00:00] INFO: template[/opt/gitlab/etc/gitlab-rails-rc] owner changed to 0
[2022-01-07T12:47:44+00:00] INFO: template[/opt/gitlab/etc/gitlab-rails-rc] group changed to 0
[2022-01-07T12:47:44+00:00] INFO: template[/opt/gitlab/etc/gitlab-rails-rc] mode changed to 644
[2022-01-07T12:47:44+00:00] INFO: link[Link /opt/gitlab/embedded/service/gitlab-rails/config/database.yml to /var/opt/gitlab/gitlab-rails/etc/database.yml] created
[2022-01-07T12:47:44+00:00] INFO: link[Link /opt/gitlab/embedded/service/gitlab-rails/config/secrets.yml to /var/opt/gitlab/gitlab-rails/etc/secrets.yml] created
[2022-01-07T12:47:44+00:00] INFO: link[Link /opt/gitlab/embedded/service/gitlab-rails/config/resque.yml to /var/opt/gitlab/gitlab-rails/etc/resque.yml] created
[2022-01-07T12:47:44+00:00] INFO: link[Link /opt/gitlab/embedded/service/gitlab-rails/config/cable.yml to /var/opt/gitlab/gitlab-rails/etc/cable.yml] created
[2022-01-07T12:47:44+00:00] INFO: template[/var/opt/gitlab/gitlab-rails/etc/gitlab.yml] backed up to /opt/gitlab/embedded/cookbooks/cache/backup/var/opt/gitlab/gitlab-rails/etc/gitlab.yml.chef-20220107124744.966201
[2022-01-07T12:47:44+00:00] INFO: template[/var/opt/gitlab/gitlab-rails/etc/gitlab.yml] updated file contents /var/opt/gitlab/gitlab-rails/etc/gitlab.yml
[2022-01-07T12:47:44+00:00] INFO: link[Link /opt/gitlab/embedded/service/gitlab-rails/config/gitlab.yml to /var/opt/gitlab/gitlab-rails/etc/gitlab.yml] created
[2022-01-07T12:47:45+00:00] INFO: link[Link /opt/gitlab/embedded/service/gitlab-rails/.gitlab_workhorse_secret to /var/opt/gitlab/gitlab-rails/etc/gitlab_workhorse_secret] created
[2022-01-07T12:47:45+00:00] INFO: link[Link /opt/gitlab/embedded/service/gitlab-rails/.gitlab_shell_secret to /var/opt/gitlab/gitlab-rails/etc/gitlab_shell_secret] created
[2022-01-07T12:47:45+00:00] WARN: only_if block for templatesymlink[Create a gitlab_pages_secret and create a symlink to Rails root] returned a string, did you mean to run a command?
[2022-01-07T12:47:45+00:00] INFO: link[Link /opt/gitlab/embedded/service/gitlab-rails/.gitlab_pages_secret to /var/opt/gitlab/gitlab-rails/etc/gitlab_pages_secret] created
[2022-01-07T12:47:45+00:00] WARN: only_if block for templatesymlink[Create a gitlab_kas_secret and create a symlink to Rails root] returned a string, did you mean to run a command?
[2022-01-07T12:47:45+00:00] INFO: link[Link /opt/gitlab/embedded/service/gitlab-rails/.gitlab_kas_secret to /var/opt/gitlab/gitlab-rails/etc/gitlab_kas_secret] created
[2022-01-07T12:47:45+00:00] INFO: directory[/opt/gitlab/etc/gitlab-rails/env] created directory /opt/gitlab/etc/gitlab-rails/env
[2022-01-07T12:47:45+00:00] INFO: file[/opt/gitlab/etc/gitlab-rails/env/HOME] created file /opt/gitlab/etc/gitlab-rails/env/HOME
[2022-01-07T12:47:45+00:00] INFO: file[/opt/gitlab/etc/gitlab-rails/env/HOME] updated file contents /opt/gitlab/etc/gitlab-rails/env/HOME
[2022-01-07T12:47:45+00:00] INFO: file[/opt/gitlab/etc/gitlab-rails/env/RAILS_ENV] created file /opt/gitlab/etc/gitlab-rails/env/RAILS_ENV
[2022-01-07T12:47:45+00:00] INFO: file[/opt/gitlab/etc/gitlab-rails/env/RAILS_ENV] updated file contents /opt/gitlab/etc/gitlab-rails/env/RAILS_ENV
[2022-01-07T12:47:45+00:00] INFO: file[/opt/gitlab/etc/gitlab-rails/env/LD_PRELOAD] created file /opt/gitlab/etc/gitlab-rails/env/LD_PRELOAD
[2022-01-07T12:47:45+00:00] INFO: file[/opt/gitlab/etc/gitlab-rails/env/LD_PRELOAD] updated file contents /opt/gitlab/etc/gitlab-rails/env/LD_PRELOAD
[2022-01-07T12:47:45+00:00] INFO: file[/opt/gitlab/etc/gitlab-rails/env/BUNDLE_GEMFILE] created file /opt/gitlab/etc/gitlab-rails/env/BUNDLE_GEMFILE
[2022-01-07T12:47:45+00:00] INFO: file[/opt/gitlab/etc/gitlab-rails/env/BUNDLE_GEMFILE] updated file contents /opt/gitlab/etc/gitlab-rails/env/BUNDLE_GEMFILE
[2022-01-07T12:47:45+00:00] INFO: file[/opt/gitlab/etc/gitlab-rails/env/SIDEKIQ_MEMORY_KILLER_MAX_RSS] created file /opt/gitlab/etc/gitlab-rails/env/SIDEKIQ_MEMORY_KILLER_MAX_RSS
[2022-01-07T12:47:45+00:00] INFO: file[/opt/gitlab/etc/gitlab-rails/env/SIDEKIQ_MEMORY_KILLER_MAX_RSS] updated file contents /opt/gitlab/etc/gitlab-rails/env/SIDEKIQ_MEMORY_KILLER_MAX_RSS
[2022-01-07T12:47:45+00:00] INFO: file[/opt/gitlab/etc/gitlab-rails/env/PATH] created file /opt/gitlab/etc/gitlab-rails/env/PATH
[2022-01-07T12:47:45+00:00] INFO: file[/opt/gitlab/etc/gitlab-rails/env/PATH] updated file contents /opt/gitlab/etc/gitlab-rails/env/PATH
[2022-01-07T12:47:45+00:00] INFO: file[/opt/gitlab/etc/gitlab-rails/env/ICU_DATA] created file /opt/gitlab/etc/gitlab-rails/env/ICU_DATA
[2022-01-07T12:47:45+00:00] INFO: file[/opt/gitlab/etc/gitlab-rails/env/ICU_DATA] updated file contents /opt/gitlab/etc/gitlab-rails/env/ICU_DATA
[2022-01-07T12:47:45+00:00] INFO: file[/opt/gitlab/etc/gitlab-rails/env/PYTHONPATH] created file /opt/gitlab/etc/gitlab-rails/env/PYTHONPATH
[2022-01-07T12:47:45+00:00] INFO: file[/opt/gitlab/etc/gitlab-rails/env/PYTHONPATH] updated file contents /opt/gitlab/etc/gitlab-rails/env/PYTHONPATH
[2022-01-07T12:47:45+00:00] INFO: file[/opt/gitlab/etc/gitlab-rails/env/EXECJS_RUNTIME] created file /opt/gitlab/etc/gitlab-rails/env/EXECJS_RUNTIME
[2022-01-07T12:47:45+00:00] INFO: file[/opt/gitlab/etc/gitlab-rails/env/EXECJS_RUNTIME] updated file contents /opt/gitlab/etc/gitlab-rails/env/EXECJS_RUNTIME
[2022-01-07T12:47:45+00:00] INFO: file[/opt/gitlab/etc/gitlab-rails/env/TZ] created file /opt/gitlab/etc/gitlab-rails/env/TZ
[2022-01-07T12:47:45+00:00] INFO: file[/opt/gitlab/etc/gitlab-rails/env/TZ] updated file contents /opt/gitlab/etc/gitlab-rails/env/TZ
[2022-01-07T12:47:45+00:00] INFO: link[/opt/gitlab/embedded/service/gitlab-rails/tmp] created
[2022-01-07T12:47:45+00:00] INFO: link[/opt/gitlab/embedded/service/gitlab-rails/public/uploads] created
[2022-01-07T12:47:45+00:00] INFO: link[/opt/gitlab/embedded/service/gitlab-rails/log] created
[2022-01-07T12:47:45+00:00] INFO: file[/opt/gitlab/embedded/service/gitlab-rails/db/structure.sql] owner changed to 998
[2022-01-07T12:47:45+00:00] INFO: file[/opt/gitlab/embedded/ssl/certs/README] created file /opt/gitlab/embedded/ssl/certs/README
[2022-01-07T12:47:45+00:00] INFO: file[/opt/gitlab/embedded/ssl/certs/README] updated file contents /opt/gitlab/embedded/ssl/certs/README
[2022-01-07T12:47:45+00:00] INFO: file[/opt/gitlab/embedded/ssl/certs/README] mode changed to 644
[2022-01-07T12:47:45+00:00] INFO: ruby_block[Move existing certs and link to /opt/gitlab/embedded/ssl/certs] called
[2022-01-07T12:47:45+00:00] INFO: directory[/opt/gitlab/sv/logrotate] created directory /opt/gitlab/sv/logrotate
[2022-01-07T12:47:45+00:00] INFO: directory[/opt/gitlab/sv/logrotate] owner changed to 0
[2022-01-07T12:47:45+00:00] INFO: directory[/opt/gitlab/sv/logrotate] group changed to 0
[2022-01-07T12:47:45+00:00] INFO: directory[/opt/gitlab/sv/logrotate] mode changed to 755
[2022-01-07T12:47:45+00:00] INFO: template[/opt/gitlab/sv/logrotate/run] created file /opt/gitlab/sv/logrotate/run
[2022-01-07T12:47:45+00:00] INFO: template[/opt/gitlab/sv/logrotate/run] updated file contents /opt/gitlab/sv/logrotate/run
[2022-01-07T12:47:45+00:00] INFO: template[/opt/gitlab/sv/logrotate/run] owner changed to 0
[2022-01-07T12:47:45+00:00] INFO: template[/opt/gitlab/sv/logrotate/run] group changed to 0
[2022-01-07T12:47:45+00:00] INFO: template[/opt/gitlab/sv/logrotate/run] mode changed to 755
[2022-01-07T12:47:45+00:00] INFO: directory[/opt/gitlab/sv/logrotate/log] created directory /opt/gitlab/sv/logrotate/log
[2022-01-07T12:47:45+00:00] INFO: directory[/opt/gitlab/sv/logrotate/log] owner changed to 0
[2022-01-07T12:47:45+00:00] INFO: directory[/opt/gitlab/sv/logrotate/log] group changed to 0
[2022-01-07T12:47:45+00:00] INFO: directory[/opt/gitlab/sv/logrotate/log] mode changed to 755
[2022-01-07T12:47:46+00:00] INFO: directory[/opt/gitlab/sv/logrotate/log/main] created directory /opt/gitlab/sv/logrotate/log/main
[2022-01-07T12:47:46+00:00] INFO: directory[/opt/gitlab/sv/logrotate/log/main] owner changed to 0
[2022-01-07T12:47:46+00:00] INFO: directory[/opt/gitlab/sv/logrotate/log/main] group changed to 0
[2022-01-07T12:47:46+00:00] INFO: directory[/opt/gitlab/sv/logrotate/log/main] mode changed to 755
[2022-01-07T12:47:46+00:00] INFO: template[/opt/gitlab/sv/logrotate/log/config] created file /opt/gitlab/sv/logrotate/log/config
[2022-01-07T12:47:46+00:00] INFO: template[/opt/gitlab/sv/logrotate/log/config] updated file contents /opt/gitlab/sv/logrotate/log/config
[2022-01-07T12:47:46+00:00] INFO: template[/opt/gitlab/sv/logrotate/log/config] owner changed to 0
[2022-01-07T12:47:46+00:00] INFO: template[/opt/gitlab/sv/logrotate/log/config] group changed to 0
[2022-01-07T12:47:46+00:00] INFO: template[/opt/gitlab/sv/logrotate/log/config] mode changed to 644
[2022-01-07T12:47:46+00:00] INFO: template[/opt/gitlab/sv/logrotate/log/config] sending create action to ruby_block[verify_chown_persisted_on_logrotate] (immediate)
[2022-01-07T12:47:46+00:00] INFO: ruby_block[verify_chown_persisted_on_logrotate] called
[2022-01-07T12:47:46+00:00] INFO: template[/opt/gitlab/sv/logrotate/log/run] created file /opt/gitlab/sv/logrotate/log/run
[2022-01-07T12:47:46+00:00] INFO: template[/opt/gitlab/sv/logrotate/log/run] updated file contents /opt/gitlab/sv/logrotate/log/run
[2022-01-07T12:47:46+00:00] INFO: template[/opt/gitlab/sv/logrotate/log/run] owner changed to 0
[2022-01-07T12:47:46+00:00] INFO: template[/opt/gitlab/sv/logrotate/log/run] group changed to 0
[2022-01-07T12:47:46+00:00] INFO: template[/opt/gitlab/sv/logrotate/log/run] mode changed to 755
[2022-01-07T12:47:46+00:00] INFO: directory[/opt/gitlab/sv/logrotate/env] created directory /opt/gitlab/sv/logrotate/env
[2022-01-07T12:47:46+00:00] INFO: directory[/opt/gitlab/sv/logrotate/env] owner changed to 0
[2022-01-07T12:47:46+00:00] INFO: directory[/opt/gitlab/sv/logrotate/env] group changed to 0
[2022-01-07T12:47:46+00:00] INFO: directory[/opt/gitlab/sv/logrotate/env] mode changed to 755
[2022-01-07T12:47:46+00:00] INFO: directory[/opt/gitlab/sv/logrotate/control] created directory /opt/gitlab/sv/logrotate/control
[2022-01-07T12:47:46+00:00] INFO: directory[/opt/gitlab/sv/logrotate/control] owner changed to 0
[2022-01-07T12:47:46+00:00] INFO: directory[/opt/gitlab/sv/logrotate/control] group changed to 0
[2022-01-07T12:47:46+00:00] INFO: directory[/opt/gitlab/sv/logrotate/control] mode changed to 755
[2022-01-07T12:47:46+00:00] INFO: template[/opt/gitlab/sv/logrotate/control/t] created file /opt/gitlab/sv/logrotate/control/t
[2022-01-07T12:47:46+00:00] INFO: template[/opt/gitlab/sv/logrotate/control/t] updated file contents /opt/gitlab/sv/logrotate/control/t
[2022-01-07T12:47:46+00:00] INFO: template[/opt/gitlab/sv/logrotate/control/t] owner changed to 0
[2022-01-07T12:47:46+00:00] INFO: template[/opt/gitlab/sv/logrotate/control/t] group changed to 0
[2022-01-07T12:47:46+00:00] INFO: template[/opt/gitlab/sv/logrotate/control/t] mode changed to 755
[2022-01-07T12:47:46+00:00] INFO: link[/opt/gitlab/init/logrotate] created
[2022-01-07T12:47:46+00:00] INFO: template[/opt/gitlab/sv/logrotate/run] sending run action to ruby_block[restart_service] (delayed)
[2022-01-07T12:47:46+00:00] INFO: template[/opt/gitlab/sv/logrotate/log/config] sending create action to ruby_block[reload_log_service] (delayed)
[2022-01-07T12:47:46+00:00] INFO: link[/opt/gitlab/service/logrotate] created
[2022-01-07T12:47:51+00:00] INFO: ruby_block[wait for logrotate service socket] called
[2022-01-07T12:47:52+00:00] INFO: ruby_block[reload_log_service] called
[2022-01-07T12:47:52+00:00] INFO: template[/opt/gitlab/sv/logrotate/log/run] sending run action to ruby_block[restart_log_service] (delayed)
[2022-01-07T12:47:52+00:00] INFO: ruby_block[restart_log_service] called
[2022-01-07T12:47:52+00:00] INFO: directory[/opt/gitlab/sv/redis] created directory /opt/gitlab/sv/redis
[2022-01-07T12:47:52+00:00] INFO: directory[/opt/gitlab/sv/redis] owner changed to 0
[2022-01-07T12:47:52+00:00] INFO: directory[/opt/gitlab/sv/redis] group changed to 0
[2022-01-07T12:47:52+00:00] INFO: directory[/opt/gitlab/sv/redis] mode changed to 755
[2022-01-07T12:47:52+00:00] INFO: template[/opt/gitlab/sv/redis/run] created file /opt/gitlab/sv/redis/run
[2022-01-07T12:47:52+00:00] INFO: template[/opt/gitlab/sv/redis/run] updated file contents /opt/gitlab/sv/redis/run
[2022-01-07T12:47:52+00:00] INFO: template[/opt/gitlab/sv/redis/run] owner changed to 0
[2022-01-07T12:47:52+00:00] INFO: template[/opt/gitlab/sv/redis/run] group changed to 0
[2022-01-07T12:47:52+00:00] INFO: template[/opt/gitlab/sv/redis/run] mode changed to 755
[2022-01-07T12:47:52+00:00] INFO: directory[/opt/gitlab/sv/redis/log] created directory /opt/gitlab/sv/redis/log
[2022-01-07T12:47:52+00:00] INFO: directory[/opt/gitlab/sv/redis/log] owner changed to 0
[2022-01-07T12:47:52+00:00] INFO: directory[/opt/gitlab/sv/redis/log] group changed to 0
[2022-01-07T12:47:52+00:00] INFO: directory[/opt/gitlab/sv/redis/log] mode changed to 755
[2022-01-07T12:47:52+00:00] INFO: directory[/opt/gitlab/sv/redis/log/main] created directory /opt/gitlab/sv/redis/log/main
[2022-01-07T12:47:52+00:00] INFO: directory[/opt/gitlab/sv/redis/log/main] owner changed to 0
[2022-01-07T12:47:52+00:00] INFO: directory[/opt/gitlab/sv/redis/log/main] group changed to 0
[2022-01-07T12:47:52+00:00] INFO: directory[/opt/gitlab/sv/redis/log/main] mode changed to 755
[2022-01-07T12:47:52+00:00] INFO: template[/opt/gitlab/sv/redis/log/config] created file /opt/gitlab/sv/redis/log/config
[2022-01-07T12:47:52+00:00] INFO: template[/opt/gitlab/sv/redis/log/config] updated file contents /opt/gitlab/sv/redis/log/config
[2022-01-07T12:47:52+00:00] INFO: template[/opt/gitlab/sv/redis/log/config] owner changed to 0
[2022-01-07T12:47:52+00:00] INFO: template[/opt/gitlab/sv/redis/log/config] group changed to 0
[2022-01-07T12:47:52+00:00] INFO: template[/opt/gitlab/sv/redis/log/config] mode changed to 644
[2022-01-07T12:47:52+00:00] INFO: template[/opt/gitlab/sv/redis/log/config] sending create action to ruby_block[verify_chown_persisted_on_redis] (immediate)
[2022-01-07T12:47:52+00:00] INFO: ruby_block[verify_chown_persisted_on_redis] called
[2022-01-07T12:47:52+00:00] INFO: template[/opt/gitlab/sv/redis/log/run] created file /opt/gitlab/sv/redis/log/run
[2022-01-07T12:47:52+00:00] INFO: template[/opt/gitlab/sv/redis/log/run] updated file contents /opt/gitlab/sv/redis/log/run
[2022-01-07T12:47:52+00:00] INFO: template[/opt/gitlab/sv/redis/log/run] owner changed to 0
[2022-01-07T12:47:52+00:00] INFO: template[/opt/gitlab/sv/redis/log/run] group changed to 0
[2022-01-07T12:47:52+00:00] INFO: template[/opt/gitlab/sv/redis/log/run] mode changed to 755
[2022-01-07T12:47:52+00:00] INFO: directory[/opt/gitlab/sv/redis/env] created directory /opt/gitlab/sv/redis/env
[2022-01-07T12:47:52+00:00] INFO: directory[/opt/gitlab/sv/redis/env] owner changed to 0
[2022-01-07T12:47:52+00:00] INFO: directory[/opt/gitlab/sv/redis/env] group changed to 0
[2022-01-07T12:47:52+00:00] INFO: directory[/opt/gitlab/sv/redis/env] mode changed to 755
[2022-01-07T12:47:52+00:00] INFO: directory[/opt/gitlab/sv/redis/control] created directory /opt/gitlab/sv/redis/control
[2022-01-07T12:47:52+00:00] INFO: directory[/opt/gitlab/sv/redis/control] owner changed to 0
[2022-01-07T12:47:52+00:00] INFO: directory[/opt/gitlab/sv/redis/control] group changed to 0
[2022-01-07T12:47:52+00:00] INFO: directory[/opt/gitlab/sv/redis/control] mode changed to 755
[2022-01-07T12:47:52+00:00] INFO: link[/opt/gitlab/init/redis] created
[2022-01-07T12:47:52+00:00] INFO: template[/opt/gitlab/sv/redis/run] sending run action to ruby_block[restart_service] (delayed)
[2022-01-07T12:47:52+00:00] INFO: template[/opt/gitlab/sv/redis/log/config] sending create action to ruby_block[reload_log_service] (delayed)
[2022-01-07T12:47:52+00:00] INFO: link[/opt/gitlab/service/redis] created
[2022-01-07T12:47:57+00:00] INFO: ruby_block[wait for redis service socket] called
[2022-01-07T12:47:57+00:00] INFO: ruby_block[reload_log_service] called
[2022-01-07T12:47:57+00:00] INFO: template[/opt/gitlab/sv/redis/log/run] sending run action to ruby_block[restart_log_service] (delayed)
[2022-01-07T12:47:59+00:00] INFO: ruby_block[restart_log_service] called
[2022-01-07T12:47:59+00:00] INFO: template[/opt/gitlab/etc/gitlab-redis-cli-rc] created file /opt/gitlab/etc/gitlab-redis-cli-rc
[2022-01-07T12:47:59+00:00] INFO: template[/opt/gitlab/etc/gitlab-redis-cli-rc] updated file contents /opt/gitlab/etc/gitlab-redis-cli-rc
[2022-01-07T12:47:59+00:00] INFO: template[/opt/gitlab/etc/gitlab-redis-cli-rc] owner changed to 0
[2022-01-07T12:47:59+00:00] INFO: template[/opt/gitlab/etc/gitlab-redis-cli-rc] group changed to 0
[2022-01-07T12:47:59+00:00] INFO: directory[/opt/gitlab/etc/gitaly/env] created directory /opt/gitlab/etc/gitaly/env
[2022-01-07T12:47:59+00:00] INFO: file[/opt/gitlab/etc/gitaly/env/HOME] created file /opt/gitlab/etc/gitaly/env/HOME
[2022-01-07T12:47:59+00:00] INFO: file[/opt/gitlab/etc/gitaly/env/HOME] updated file contents /opt/gitlab/etc/gitaly/env/HOME
[2022-01-07T12:47:59+00:00] INFO: file[/opt/gitlab/etc/gitaly/env/PATH] created file /opt/gitlab/etc/gitaly/env/PATH
[2022-01-07T12:47:59+00:00] INFO: file[/opt/gitlab/etc/gitaly/env/PATH] updated file contents /opt/gitlab/etc/gitaly/env/PATH
[2022-01-07T12:47:59+00:00] INFO: file[/opt/gitlab/etc/gitaly/env/TZ] created file /opt/gitlab/etc/gitaly/env/TZ
[2022-01-07T12:47:59+00:00] INFO: file[/opt/gitlab/etc/gitaly/env/TZ] updated file contents /opt/gitlab/etc/gitaly/env/TZ
[2022-01-07T12:47:59+00:00] INFO: file[/opt/gitlab/etc/gitaly/env/PYTHONPATH] created file /opt/gitlab/etc/gitaly/env/PYTHONPATH
[2022-01-07T12:47:59+00:00] INFO: file[/opt/gitlab/etc/gitaly/env/PYTHONPATH] updated file contents /opt/gitlab/etc/gitaly/env/PYTHONPATH
[2022-01-07T12:47:59+00:00] INFO: file[/opt/gitlab/etc/gitaly/env/ICU_DATA] created file /opt/gitlab/etc/gitaly/env/ICU_DATA
[2022-01-07T12:47:59+00:00] INFO: file[/opt/gitlab/etc/gitaly/env/ICU_DATA] updated file contents /opt/gitlab/etc/gitaly/env/ICU_DATA
[2022-01-07T12:47:59+00:00] INFO: file[/opt/gitlab/etc/gitaly/env/SSL_CERT_DIR] created file /opt/gitlab/etc/gitaly/env/SSL_CERT_DIR
[2022-01-07T12:47:59+00:00] INFO: file[/opt/gitlab/etc/gitaly/env/SSL_CERT_DIR] updated file contents /opt/gitlab/etc/gitaly/env/SSL_CERT_DIR
[2022-01-07T12:47:59+00:00] INFO: file[/opt/gitlab/etc/gitaly/env/GITALY_PID_FILE] created file /opt/gitlab/etc/gitaly/env/GITALY_PID_FILE
[2022-01-07T12:47:59+00:00] INFO: file[/opt/gitlab/etc/gitaly/env/GITALY_PID_FILE] updated file contents /opt/gitlab/etc/gitaly/env/GITALY_PID_FILE
[2022-01-07T12:47:59+00:00] INFO: file[/opt/gitlab/etc/gitaly/env/WRAPPER_JSON_LOGGING] created file /opt/gitlab/etc/gitaly/env/WRAPPER_JSON_LOGGING
[2022-01-07T12:47:59+00:00] INFO: file[/opt/gitlab/etc/gitaly/env/WRAPPER_JSON_LOGGING] updated file contents /opt/gitlab/etc/gitaly/env/WRAPPER_JSON_LOGGING
[2022-01-07T12:47:59+00:00] INFO: directory[/opt/gitlab/sv/gitaly] created directory /opt/gitlab/sv/gitaly
[2022-01-07T12:47:59+00:00] INFO: directory[/opt/gitlab/sv/gitaly] owner changed to 0
[2022-01-07T12:47:59+00:00] INFO: directory[/opt/gitlab/sv/gitaly] group changed to 0
[2022-01-07T12:47:59+00:00] INFO: directory[/opt/gitlab/sv/gitaly] mode changed to 755
[2022-01-07T12:47:59+00:00] INFO: template[/opt/gitlab/sv/gitaly/run] created file /opt/gitlab/sv/gitaly/run
[2022-01-07T12:47:59+00:00] INFO: template[/opt/gitlab/sv/gitaly/run] updated file contents /opt/gitlab/sv/gitaly/run
[2022-01-07T12:47:59+00:00] INFO: template[/opt/gitlab/sv/gitaly/run] owner changed to 0
[2022-01-07T12:47:59+00:00] INFO: template[/opt/gitlab/sv/gitaly/run] group changed to 0
[2022-01-07T12:47:59+00:00] INFO: template[/opt/gitlab/sv/gitaly/run] mode changed to 755
[2022-01-07T12:47:59+00:00] INFO: directory[/opt/gitlab/sv/gitaly/log] created directory /opt/gitlab/sv/gitaly/log
[2022-01-07T12:47:59+00:00] INFO: directory[/opt/gitlab/sv/gitaly/log] owner changed to 0
[2022-01-07T12:47:59+00:00] INFO: directory[/opt/gitlab/sv/gitaly/log] group changed to 0
[2022-01-07T12:47:59+00:00] INFO: directory[/opt/gitlab/sv/gitaly/log] mode changed to 755
[2022-01-07T12:47:59+00:00] INFO: directory[/opt/gitlab/sv/gitaly/log/main] created directory /opt/gitlab/sv/gitaly/log/main
[2022-01-07T12:47:59+00:00] INFO: directory[/opt/gitlab/sv/gitaly/log/main] owner changed to 0
[2022-01-07T12:47:59+00:00] INFO: directory[/opt/gitlab/sv/gitaly/log/main] group changed to 0
[2022-01-07T12:47:59+00:00] INFO: directory[/opt/gitlab/sv/gitaly/log/main] mode changed to 755
[2022-01-07T12:47:59+00:00] INFO: template[/opt/gitlab/sv/gitaly/log/config] created file /opt/gitlab/sv/gitaly/log/config
[2022-01-07T12:47:59+00:00] INFO: template[/opt/gitlab/sv/gitaly/log/config] updated file contents /opt/gitlab/sv/gitaly/log/config
[2022-01-07T12:47:59+00:00] INFO: template[/opt/gitlab/sv/gitaly/log/config] owner changed to 0
[2022-01-07T12:47:59+00:00] INFO: template[/opt/gitlab/sv/gitaly/log/config] group changed to 0
[2022-01-07T12:47:59+00:00] INFO: template[/opt/gitlab/sv/gitaly/log/config] mode changed to 644
[2022-01-07T12:47:59+00:00] INFO: template[/opt/gitlab/sv/gitaly/log/config] sending create action to ruby_block[verify_chown_persisted_on_gitaly] (immediate)
[2022-01-07T12:47:59+00:00] INFO: ruby_block[verify_chown_persisted_on_gitaly] called
[2022-01-07T12:47:59+00:00] INFO: template[/opt/gitlab/sv/gitaly/log/run] created file /opt/gitlab/sv/gitaly/log/run
[2022-01-07T12:47:59+00:00] INFO: template[/opt/gitlab/sv/gitaly/log/run] updated file contents /opt/gitlab/sv/gitaly/log/run
[2022-01-07T12:47:59+00:00] INFO: template[/opt/gitlab/sv/gitaly/log/run] owner changed to 0
[2022-01-07T12:47:59+00:00] INFO: template[/opt/gitlab/sv/gitaly/log/run] group changed to 0
[2022-01-07T12:47:59+00:00] INFO: template[/opt/gitlab/sv/gitaly/log/run] mode changed to 755
[2022-01-07T12:47:59+00:00] INFO: directory[/opt/gitlab/sv/gitaly/env] created directory /opt/gitlab/sv/gitaly/env
[2022-01-07T12:47:59+00:00] INFO: directory[/opt/gitlab/sv/gitaly/env] owner changed to 0
[2022-01-07T12:47:59+00:00] INFO: directory[/opt/gitlab/sv/gitaly/env] group changed to 0
[2022-01-07T12:47:59+00:00] INFO: directory[/opt/gitlab/sv/gitaly/env] mode changed to 755
[2022-01-07T12:47:59+00:00] INFO: directory[/opt/gitlab/sv/gitaly/control] created directory /opt/gitlab/sv/gitaly/control
[2022-01-07T12:47:59+00:00] INFO: directory[/opt/gitlab/sv/gitaly/control] owner changed to 0
[2022-01-07T12:47:59+00:00] INFO: directory[/opt/gitlab/sv/gitaly/control] group changed to 0
[2022-01-07T12:47:59+00:00] INFO: directory[/opt/gitlab/sv/gitaly/control] mode changed to 755
[2022-01-07T12:47:59+00:00] INFO: link[/opt/gitlab/init/gitaly] created
[2022-01-07T12:47:59+00:00] INFO: template[/opt/gitlab/sv/gitaly/run] sending run action to ruby_block[restart_service] (delayed)
[2022-01-07T12:47:59+00:00] INFO: template[/opt/gitlab/sv/gitaly/log/config] sending create action to ruby_block[reload_log_service] (delayed)
[2022-01-07T12:47:59+00:00] INFO: link[/opt/gitlab/service/gitaly] created
[2022-01-07T12:48:03+00:00] INFO: ruby_block[wait for gitaly service socket] called
[2022-01-07T12:48:04+00:00] INFO: ruby_block[reload_log_service] called
[2022-01-07T12:48:04+00:00] INFO: template[/opt/gitlab/sv/gitaly/log/run] sending run action to ruby_block[restart_log_service] (delayed)
[2022-01-07T12:48:04+00:00] INFO: ruby_block[restart_log_service] called
[2022-01-07T12:48:05+00:00] INFO: template[/opt/gitlab/etc/gitlab-psql-rc] created file /opt/gitlab/etc/gitlab-psql-rc
[2022-01-07T12:48:05+00:00] INFO: template[/opt/gitlab/etc/gitlab-psql-rc] updated file contents /opt/gitlab/etc/gitlab-psql-rc
[2022-01-07T12:48:05+00:00] INFO: template[/opt/gitlab/etc/gitlab-psql-rc] owner changed to 0
[2022-01-07T12:48:05+00:00] INFO: template[/opt/gitlab/etc/gitlab-psql-rc] group changed to 0
[2022-01-07T12:48:06+00:00] INFO: directory[/opt/gitlab/sv/postgresql] created directory /opt/gitlab/sv/postgresql
[2022-01-07T12:48:06+00:00] INFO: directory[/opt/gitlab/sv/postgresql] owner changed to 0
[2022-01-07T12:48:06+00:00] INFO: directory[/opt/gitlab/sv/postgresql] group changed to 0
[2022-01-07T12:48:06+00:00] INFO: directory[/opt/gitlab/sv/postgresql] mode changed to 755
[2022-01-07T12:48:06+00:00] INFO: template[/opt/gitlab/sv/postgresql/run] created file /opt/gitlab/sv/postgresql/run
[2022-01-07T12:48:06+00:00] INFO: template[/opt/gitlab/sv/postgresql/run] updated file contents /opt/gitlab/sv/postgresql/run
[2022-01-07T12:48:06+00:00] INFO: template[/opt/gitlab/sv/postgresql/run] owner changed to 0
[2022-01-07T12:48:06+00:00] INFO: template[/opt/gitlab/sv/postgresql/run] group changed to 0
[2022-01-07T12:48:06+00:00] INFO: template[/opt/gitlab/sv/postgresql/run] mode changed to 755
[2022-01-07T12:48:06+00:00] INFO: directory[/opt/gitlab/sv/postgresql/log] created directory /opt/gitlab/sv/postgresql/log
[2022-01-07T12:48:06+00:00] INFO: directory[/opt/gitlab/sv/postgresql/log] owner changed to 0
[2022-01-07T12:48:06+00:00] INFO: directory[/opt/gitlab/sv/postgresql/log] group changed to 0
[2022-01-07T12:48:06+00:00] INFO: directory[/opt/gitlab/sv/postgresql/log] mode changed to 755
[2022-01-07T12:48:06+00:00] INFO: directory[/opt/gitlab/sv/postgresql/log/main] created directory /opt/gitlab/sv/postgresql/log/main
[2022-01-07T12:48:06+00:00] INFO: directory[/opt/gitlab/sv/postgresql/log/main] owner changed to 0
[2022-01-07T12:48:06+00:00] INFO: directory[/opt/gitlab/sv/postgresql/log/main] group changed to 0
[2022-01-07T12:48:06+00:00] INFO: directory[/opt/gitlab/sv/postgresql/log/main] mode changed to 755
[2022-01-07T12:48:06+00:00] INFO: template[/opt/gitlab/sv/postgresql/log/config] created file /opt/gitlab/sv/postgresql/log/config
[2022-01-07T12:48:06+00:00] INFO: template[/opt/gitlab/sv/postgresql/log/config] updated file contents /opt/gitlab/sv/postgresql/log/config
[2022-01-07T12:48:06+00:00] INFO: template[/opt/gitlab/sv/postgresql/log/config] owner changed to 0
[2022-01-07T12:48:06+00:00] INFO: template[/opt/gitlab/sv/postgresql/log/config] group changed to 0
[2022-01-07T12:48:06+00:00] INFO: template[/opt/gitlab/sv/postgresql/log/config] mode changed to 644
[2022-01-07T12:48:06+00:00] INFO: template[/opt/gitlab/sv/postgresql/log/config] sending create action to ruby_block[verify_chown_persisted_on_postgresql] (immediate)
[2022-01-07T12:48:06+00:00] INFO: ruby_block[verify_chown_persisted_on_postgresql] called
[2022-01-07T12:48:06+00:00] INFO: template[/opt/gitlab/sv/postgresql/log/run] created file /opt/gitlab/sv/postgresql/log/run
[2022-01-07T12:48:06+00:00] INFO: template[/opt/gitlab/sv/postgresql/log/run] updated file contents /opt/gitlab/sv/postgresql/log/run
[2022-01-07T12:48:06+00:00] INFO: template[/opt/gitlab/sv/postgresql/log/run] owner changed to 0
[2022-01-07T12:48:06+00:00] INFO: template[/opt/gitlab/sv/postgresql/log/run] group changed to 0
[2022-01-07T12:48:06+00:00] INFO: template[/opt/gitlab/sv/postgresql/log/run] mode changed to 755
[2022-01-07T12:48:06+00:00] INFO: directory[/opt/gitlab/sv/postgresql/env] created directory /opt/gitlab/sv/postgresql/env
[2022-01-07T12:48:06+00:00] INFO: directory[/opt/gitlab/sv/postgresql/env] owner changed to 0
[2022-01-07T12:48:06+00:00] INFO: directory[/opt/gitlab/sv/postgresql/env] group changed to 0
[2022-01-07T12:48:06+00:00] INFO: directory[/opt/gitlab/sv/postgresql/env] mode changed to 755
[2022-01-07T12:48:06+00:00] INFO: directory[/opt/gitlab/sv/postgresql/control] created directory /opt/gitlab/sv/postgresql/control
[2022-01-07T12:48:06+00:00] INFO: directory[/opt/gitlab/sv/postgresql/control] owner changed to 0
[2022-01-07T12:48:06+00:00] INFO: directory[/opt/gitlab/sv/postgresql/control] group changed to 0
[2022-01-07T12:48:06+00:00] INFO: directory[/opt/gitlab/sv/postgresql/control] mode changed to 755
[2022-01-07T12:48:06+00:00] INFO: template[/opt/gitlab/sv/postgresql/control/t] created file /opt/gitlab/sv/postgresql/control/t
[2022-01-07T12:48:06+00:00] INFO: template[/opt/gitlab/sv/postgresql/control/t] updated file contents /opt/gitlab/sv/postgresql/control/t
[2022-01-07T12:48:06+00:00] INFO: template[/opt/gitlab/sv/postgresql/control/t] owner changed to 0
[2022-01-07T12:48:06+00:00] INFO: template[/opt/gitlab/sv/postgresql/control/t] group changed to 0
[2022-01-07T12:48:06+00:00] INFO: template[/opt/gitlab/sv/postgresql/control/t] mode changed to 755
[2022-01-07T12:48:06+00:00] INFO: link[/opt/gitlab/init/postgresql] created
[2022-01-07T12:48:06+00:00] INFO: template[/opt/gitlab/sv/postgresql/run] sending run action to ruby_block[restart_service] (delayed)
[2022-01-07T12:48:06+00:00] INFO: template[/opt/gitlab/sv/postgresql/log/config] sending create action to ruby_block[reload_log_service] (delayed)
[2022-01-07T12:48:06+00:00] INFO: link[/opt/gitlab/service/postgresql] created
[2022-01-07T12:48:09+00:00] INFO: ruby_block[wait for postgresql service socket] called
[2022-01-07T12:48:09+00:00] INFO: directory[/opt/gitlab/service/postgresql/supervise] mode changed to 755
[2022-01-07T12:48:09+00:00] INFO: directory[/opt/gitlab/service/postgresql/log/supervise] mode changed to 755
[2022-01-07T12:48:09+00:00] INFO: file[/opt/gitlab/service/postgresql/supervise/ok] created file /opt/gitlab/service/postgresql/supervise/ok
[2022-01-07T12:48:09+00:00] INFO: file[/opt/gitlab/service/postgresql/supervise/ok] owner changed to 996
[2022-01-07T12:48:09+00:00] INFO: file[/opt/gitlab/service/postgresql/supervise/ok] group changed to 996
[2022-01-07T12:48:09+00:00] INFO: file[/opt/gitlab/service/postgresql/supervise/ok] updated atime and mtime to 2022-01-07 12:48:09 +0000
[2022-01-07T12:48:09+00:00] INFO: file[/opt/gitlab/service/postgresql/log/supervise/ok] created file /opt/gitlab/service/postgresql/log/supervise/ok
[2022-01-07T12:48:09+00:00] INFO: file[/opt/gitlab/service/postgresql/log/supervise/ok] owner changed to 996
[2022-01-07T12:48:09+00:00] INFO: file[/opt/gitlab/service/postgresql/log/supervise/ok] group changed to 996
[2022-01-07T12:48:09+00:00] INFO: file[/opt/gitlab/service/postgresql/log/supervise/ok] updated atime and mtime to 2022-01-07 12:48:09 +0000
[2022-01-07T12:48:09+00:00] INFO: file[/opt/gitlab/service/postgresql/supervise/status] owner changed to 996
[2022-01-07T12:48:09+00:00] INFO: file[/opt/gitlab/service/postgresql/supervise/status] group changed to 996
[2022-01-07T12:48:09+00:00] INFO: file[/opt/gitlab/service/postgresql/supervise/status] updated atime and mtime to 2022-01-07 12:48:09 +0000
[2022-01-07T12:48:09+00:00] INFO: file[/opt/gitlab/service/postgresql/log/supervise/status] owner changed to 996
[2022-01-07T12:48:09+00:00] INFO: file[/opt/gitlab/service/postgresql/log/supervise/status] group changed to 996
[2022-01-07T12:48:09+00:00] INFO: file[/opt/gitlab/service/postgresql/log/supervise/status] updated atime and mtime to 2022-01-07 12:48:09 +0000
[2022-01-07T12:48:09+00:00] INFO: file[/opt/gitlab/service/postgresql/supervise/control] created file /opt/gitlab/service/postgresql/supervise/control
[2022-01-07T12:48:09+00:00] INFO: file[/opt/gitlab/service/postgresql/supervise/control] owner changed to 996
[2022-01-07T12:48:09+00:00] INFO: file[/opt/gitlab/service/postgresql/supervise/control] group changed to 996
[2022-01-07T12:48:09+00:00] INFO: file[/opt/gitlab/service/postgresql/supervise/control] updated atime and mtime to 2022-01-07 12:48:09 +0000
[2022-01-07T12:48:09+00:00] INFO: file[/opt/gitlab/service/postgresql/log/supervise/control] created file /opt/gitlab/service/postgresql/log/supervise/control
[2022-01-07T12:48:09+00:00] INFO: file[/opt/gitlab/service/postgresql/log/supervise/control] owner changed to 996
[2022-01-07T12:48:09+00:00] INFO: file[/opt/gitlab/service/postgresql/log/supervise/control] group changed to 996
[2022-01-07T12:48:09+00:00] INFO: file[/opt/gitlab/service/postgresql/log/supervise/control] updated atime and mtime to 2022-01-07 12:48:09 +0000
[2022-01-07T12:48:10+00:00] INFO: ruby_block[reload_log_service] called
[2022-01-07T12:48:10+00:00] INFO: template[/opt/gitlab/sv/postgresql/log/run] sending run action to ruby_block[restart_log_service] (delayed)
[2022-01-07T12:48:10+00:00] INFO: file[/opt/gitlab/service/postgresql/log/supervise/status] owner changed to 996
[2022-01-07T12:48:10+00:00] INFO: file[/opt/gitlab/service/postgresql/log/supervise/status] group changed to 996
[2022-01-07T12:48:10+00:00] INFO: file[/opt/gitlab/service/postgresql/log/supervise/status] updated atime and mtime to 2022-01-07 12:48:10 +0000
[2022-01-07T12:48:10+00:00] INFO: ruby_block[restart_log_service] called
[2022-01-07T12:48:11+00:00] INFO: file[/opt/gitlab/service/postgresql/log/supervise/status] owner changed to 996
[2022-01-07T12:48:11+00:00] INFO: file[/opt/gitlab/service/postgresql/log/supervise/status] group changed to 996
[2022-01-07T12:48:11+00:00] INFO: file[/opt/gitlab/service/postgresql/log/supervise/status] updated atime and mtime to 2022-01-07 12:48:11 +0000
